					Runned in [2017 10 10 20 18 41.571641], by .

Finished run in [2017 10 10 20 18 48.436283]!

					Runned in [2017 10 10 20 49 17.555212], by .

Finished run in [2017 10 10 20 49 21.290223]!

					Runned in [2017 10 11 3 2 28.146636], by Anonimous.

Finished run in [2017 10 11 3 2 28.334807]!

					Runned in [2017 10 11 3 2 46.231235], by Anonimous.

Finished run in [2017 10 11 3 2 49.56499]!

					Runned in [2017 10 11 3 5 1.400045], by Anonimous.

Finished run in [2017 10 11 3 5 1.569297]!

					Runned in [2017 10 11 3 6 42.853193], by Anonimous.

Finished run in [2017 10 11 3 6 42.922167]!

					Runned in [2017 10 11 3 6 51.765232], by Anonimous.

tplt: Undefined function 'flag_v' for input arguments of type 'libncl.neurocelle'.
neurocelle: Output argument "varargout" (and maybe others) not assigned during call to "/home/leonel/Dropbox/Scientific/Programing/Matlab Ultimate - Leonel/Matlab Laboratory/neurocelle/lib/+libcli/tplt.m>tplt".
Finished run in [2017 10 11 3 6 51.930858]!

					Runned in [2017 10 11 3 7 10.878557], by Anonimous.

Finished run in [2017 10 11 3 7 10.89848]!

					Runned in [2017 10 11 3 10 31.569164], by Anonimous.

Finished run in [2017 10 11 3 10 31.726925]!

					Runned in [2017 10 11 3 11 49.397187], by Anonimous.

tplt: Undefined function 'flag_v' for input arguments of type 'libncl.neurocelle'.
neurocelle: Output argument "varargout" (and maybe others) not assigned during call to "/home/leonel/Dropbox/Scientific/Programing/Matlab Ultimate - Leonel/Matlab Laboratory/neurocelle/lib/+libcli/tplt.m>tplt".
Finished run in [2017 10 11 3 11 49.492395]!

					Runned in [2017 10 11 3 12 23.322391], by Anonimous.

Finished run in [2017 10 11 3 12 23.342646]!

					Runned in [2017 10 11 3 12 57.525088], by Anonimous.

Finished run in [2017 10 11 3 12 57.588526]!

